build/app/intermediates/manifest_merge_blame_file/debug/manifest-merger-blame-debug-report.txt
1<?xml version="1.0" encoding="utf-8"?>
2<manifest xmlns:android="http://schemas.android.com/apk/res/android"
3    package="com.flutter.firebase.example.firebaseauth"
4    android:versionCode="1"
5    android:versionName="1.0.0" >
6
7    <uses-sdk
8        android:minSdkVersion="21"
9        android:targetSdkVersion="28" />
10    <!--
11         Flutter needs it to communicate with the running application
12         to allow setting breakpoints, to provide hot reload, etc.
13    -->
14    <uses-permission android:name="android.permission.INTERNET" />
14-->src\main\AndroidManifest.xml:9:5-66
14-->src\main\AndroidManifest.xml:9:22-64
15
16    <application
16-->src\main\AndroidManifest.xml:11:5-69:19
17        android:name="io.flutter.app.FlutterApplication"
17-->src\main\AndroidManifest.xml:12:9-57
18        android:appComponentFactory="androidx.core.app.CoreComponentFactory"
18-->[androidx.core:core:1.0.0] AndroidManifest.xml:22:18-86
19        android:debuggable="true"
20        android:icon="@mipmap/ic_launcher"
20-->src\main\AndroidManifest.xml:14:9-43
21        android:label="firebaseauth"
21-->src\main\AndroidManifest.xml:13:9-37
22        android:supportsRtl="true" >
22-->[com.facebook.android:facebook-login:5.5.1] AndroidManifest.xml:28:18-44
23        <activity
23-->src\main\AndroidManifest.xml:15:9-26:20
24            android:name="com.flutter.firebase.example.firebaseauth.MainActivity"
24-->src\main\AndroidManifest.xml:16:13-41
25            android:configChanges="orientation|keyboardHidden|keyboard|screenSize|smallestScreenSize|locale|layoutDirection|fontScale|screenLayout|density|uiMode"
25-->src\main\AndroidManifest.xml:19:13-163
26            android:hardwareAccelerated="true"
26-->src\main\AndroidManifest.xml:20:13-47
27            android:launchMode="singleTop"
27-->src\main\AndroidManifest.xml:17:13-43
28            android:theme="@style/LaunchTheme"
28-->src\main\AndroidManifest.xml:18:13-47
29            android:windowSoftInputMode="adjustResize" >
29-->src\main\AndroidManifest.xml:21:13-55
30            <intent-filter>
30-->src\main\AndroidManifest.xml:22:13-25:29
31                <action android:name="android.intent.action.MAIN" />
31-->src\main\AndroidManifest.xml:23:17-68
31-->src\main\AndroidManifest.xml:23:25-66
32
33                <category android:name="android.intent.category.LAUNCHER" />
33-->src\main\AndroidManifest.xml:24:17-76
33-->src\main\AndroidManifest.xml:24:27-74
34            </intent-filter>
35        </activity>
36        <!--
37             Don't delete the meta-data below.
38             This is used by the Flutter tool to generate GeneratedPluginRegistrant.java
39        -->
40        <meta-data
40-->src\main\AndroidManifest.xml:29:9-30:54
41            android:name="com.facebook.sdk.ApplicationId"
41-->src\main\AndroidManifest.xml:29:20-65
42            android:value="@string/facebook_app_id" />
42-->src\main\AndroidManifest.xml:30:13-52
43
44        <activity
44-->src\main\AndroidManifest.xml:32:9-35:48
45            android:name="com.facebook.FacebookActivity"
45-->src\main\AndroidManifest.xml:32:19-63
46            android:configChanges="keyboard|keyboardHidden|screenLayout|screenSize|orientation"
46-->src\main\AndroidManifest.xml:33:13-113
47            android:label="@string/app_name"
47-->src\main\AndroidManifest.xml:35:13-45
48            android:theme="@style/com_facebook_activity_theme" />
48-->[com.facebook.android:facebook-common:5.5.1] AndroidManifest.xml:32:13-63
49        <activity
49-->src\main\AndroidManifest.xml:36:9-45:20
50            android:name="com.facebook.CustomTabActivity"
50-->src\main\AndroidManifest.xml:37:13-58
51            android:exported="true" >
51-->src\main\AndroidManifest.xml:38:13-36
52            <intent-filter>
52-->src\main\AndroidManifest.xml:39:13-44:29
53                <action android:name="android.intent.action.VIEW" />
53-->src\main\AndroidManifest.xml:40:17-69
53-->src\main\AndroidManifest.xml:40:25-66
54
55                <category android:name="android.intent.category.DEFAULT" />
55-->src\main\AndroidManifest.xml:41:17-76
55-->src\main\AndroidManifest.xml:41:27-73
56                <category android:name="android.intent.category.BROWSABLE" />
56-->src\main\AndroidManifest.xml:42:17-78
56-->src\main\AndroidManifest.xml:42:27-75
57
58                <data android:scheme="@string/fb_login_protocol_scheme" />
58-->src\main\AndroidManifest.xml:43:17-75
58-->src\main\AndroidManifest.xml:43:23-72
59            </intent-filter>
60        </activity>
61
62        <meta-data
62-->src\main\AndroidManifest.xml:29:9-30:54
63            android:name="com.facebook.sdk.ApplicationId"
63-->src\main\AndroidManifest.xml:29:20-65
64            android:value="@string/facebook_app_id" />
64-->src\main\AndroidManifest.xml:30:13-52
65
66        <activity
66-->src\main\AndroidManifest.xml:32:9-35:48
67            android:name="com.facebook.FacebookActivity"
67-->src\main\AndroidManifest.xml:32:19-63
68            android:configChanges="keyboard|keyboardHidden|screenLayout|screenSize|orientation"
68-->src\main\AndroidManifest.xml:33:13-113
69            android:label="@string/app_name" />
69-->src\main\AndroidManifest.xml:35:13-45
70        <activity
70-->src\main\AndroidManifest.xml:36:9-45:20
71            android:name="com.facebook.CustomTabActivity"
71-->src\main\AndroidManifest.xml:37:13-58
72            android:exported="true" >
72-->src\main\AndroidManifest.xml:38:13-36
73            <intent-filter>
73-->src\main\AndroidManifest.xml:39:13-44:29
74                <action android:name="android.intent.action.VIEW" />
74-->src\main\AndroidManifest.xml:40:17-69
74-->src\main\AndroidManifest.xml:40:25-66
75
76                <category android:name="android.intent.category.DEFAULT" />
76-->src\main\AndroidManifest.xml:41:17-76
76-->src\main\AndroidManifest.xml:41:27-73
77                <category android:name="android.intent.category.BROWSABLE" />
77-->src\main\AndroidManifest.xml:42:17-78
77-->src\main\AndroidManifest.xml:42:27-75
78
79                <data android:scheme="@string/fb_login_protocol_scheme" />
79-->src\main\AndroidManifest.xml:43:17-75
79-->src\main\AndroidManifest.xml:43:23-72
80            </intent-filter>
81        </activity>
82
83        <meta-data
83-->src\main\AndroidManifest.xml:66:9-68:33
84            android:name="flutterEmbedding"
84-->src\main\AndroidManifest.xml:67:13-44
85            android:value="2" />
85-->src\main\AndroidManifest.xml:68:13-30
86
87        <service
87-->[:firebase_auth] AndroidManifest.xml:8:9-12:19
88            android:name="com.google.firebase.components.ComponentDiscoveryService"
88-->[:firebase_auth] AndroidManifest.xml:8:18-89
89            android:directBootAware="true"
89-->[com.google.firebase:firebase-common:19.3.0] AndroidManifest.xml:34:13-43
90            android:exported="false" >
90-->[com.google.firebase:firebase-auth:19.2.0] AndroidManifest.xml:35:13-37
91            <meta-data
91-->[:firebase_auth] AndroidManifest.xml:9:13-11:85
92                android:name="com.google.firebase.components:io.flutter.plugins.firebaseauth.FlutterFirebaseAppRegistrar"
92-->[:firebase_auth] AndroidManifest.xml:10:17-122
93                android:value="com.google.firebase.components.ComponentRegistrar" />
93-->[:firebase_auth] AndroidManifest.xml:11:17-82
94            <meta-data
94-->[:firebase_core] AndroidManifest.xml:9:13-11:85
95                android:name="com.google.firebase.components:io.flutter.plugins.firebase.core.FlutterFirebaseAppRegistrar"
95-->[:firebase_core] AndroidManifest.xml:10:17-123
96                android:value="com.google.firebase.components.ComponentRegistrar" />
96-->[:firebase_core] AndroidManifest.xml:11:17-82
97            <meta-data
97-->[com.google.firebase:firebase-auth:19.2.0] AndroidManifest.xml:36:13-38:85
98                android:name="com.google.firebase.components:com.google.firebase.auth.FirebaseAuthRegistrar"
98-->[com.google.firebase:firebase-auth:19.2.0] AndroidManifest.xml:37:17-109
99                android:value="com.google.firebase.components.ComponentRegistrar" />
99-->[com.google.firebase:firebase-auth:19.2.0] AndroidManifest.xml:38:17-82
100        </service>
101
102        <activity
102-->[:url_launcher] AndroidManifest.xml:8:9-11:74
103            android:name="io.flutter.plugins.urllauncher.WebViewActivity"
103-->[:url_launcher] AndroidManifest.xml:9:13-74
104            android:exported="false"
104-->[:url_launcher] AndroidManifest.xml:10:13-37
105            android:theme="@android:style/Theme.NoTitleBar.Fullscreen" />
105-->[:url_launcher] AndroidManifest.xml:11:13-71
106        <activity
106-->[com.google.firebase:firebase-auth:19.2.0] AndroidManifest.xml:24:9-31:50
107            android:name="com.google.firebase.auth.internal.FederatedSignInActivity"
107-->[com.google.firebase:firebase-auth:19.2.0] AndroidManifest.xml:25:13-85
108            android:excludeFromRecents="true"
108-->[com.google.firebase:firebase-auth:19.2.0] AndroidManifest.xml:26:13-46
109            android:exported="true"
109-->[com.google.firebase:firebase-auth:19.2.0] AndroidManifest.xml:27:13-36
110            android:launchMode="singleTask"
110-->[com.google.firebase:firebase-auth:19.2.0] AndroidManifest.xml:28:13-44
111            android:permission="com.google.firebase.auth.api.gms.permission.LAUNCH_FEDERATED_SIGN_IN"
111-->[com.google.firebase:firebase-auth:19.2.0] AndroidManifest.xml:29:13-102
112            android:theme="@android:style/Theme.Translucent.NoTitleBar" />
112-->[com.google.firebase:firebase-auth:19.2.0] AndroidManifest.xml:30:13-72
113        <activity
113-->[com.google.android.gms:play-services-auth:16.0.1] AndroidManifest.xml:23:9-27:75
114            android:name="com.google.android.gms.auth.api.signin.internal.SignInHubActivity"
114-->[com.google.android.gms:play-services-auth:16.0.1] AndroidManifest.xml:24:13-93
115            android:excludeFromRecents="true"
115-->[com.google.android.gms:play-services-auth:16.0.1] AndroidManifest.xml:25:13-46
116            android:exported="false"
116-->[com.google.android.gms:play-services-auth:16.0.1] AndroidManifest.xml:26:13-37
117            android:theme="@android:style/Theme.Translucent.NoTitleBar" />
117-->[com.google.android.gms:play-services-auth:16.0.1] AndroidManifest.xml:27:13-72
118        <!--
119            Service handling Google Sign-In user revocation. For apps that do not integrate with
120            Google Sign-In, this service will never be started.
121        -->
122        <service
122-->[com.google.android.gms:play-services-auth:16.0.1] AndroidManifest.xml:33:9-36:110
123            android:name="com.google.android.gms.auth.api.signin.RevocationBoundService"
123-->[com.google.android.gms:play-services-auth:16.0.1] AndroidManifest.xml:34:13-89
124            android:exported="true"
124-->[com.google.android.gms:play-services-auth:16.0.1] AndroidManifest.xml:35:13-36
125            android:permission="com.google.android.gms.auth.api.signin.permission.REVOCATION_NOTIFICATION" />
125-->[com.google.android.gms:play-services-auth:16.0.1] AndroidManifest.xml:36:13-107
126
127        <activity
127-->[com.google.android.gms:play-services-base:17.1.0] AndroidManifest.xml:23:9-26:75
128            android:name="com.google.android.gms.common.api.GoogleApiActivity"
128-->[com.google.android.gms:play-services-base:17.1.0] AndroidManifest.xml:24:13-79
129            android:exported="false"
129-->[com.google.android.gms:play-services-base:17.1.0] AndroidManifest.xml:25:13-37
130            android:theme="@android:style/Theme.Translucent.NoTitleBar" />
130-->[com.google.android.gms:play-services-base:17.1.0] AndroidManifest.xml:26:13-72
131
132        <provider
132-->[com.google.firebase:firebase-common:19.3.0] AndroidManifest.xml:26:9-30:39
133            android:name="com.google.firebase.provider.FirebaseInitProvider"
133-->[com.google.firebase:firebase-common:19.3.0] AndroidManifest.xml:27:13-77
134            android:authorities="com.flutter.firebase.example.firebaseauth.firebaseinitprovider"
134-->[com.google.firebase:firebase-common:19.3.0] AndroidManifest.xml:28:13-72
135            android:exported="false"
135-->[com.google.firebase:firebase-common:19.3.0] AndroidManifest.xml:29:13-37
136            android:initOrder="100" />
136-->[com.google.firebase:firebase-common:19.3.0] AndroidManifest.xml:30:13-36
137
138        <meta-data
138-->[com.google.android.gms:play-services-basement:17.0.0] AndroidManifest.xml:23:9-25:69
139            android:name="com.google.android.gms.version"
139-->[com.google.android.gms:play-services-basement:17.0.0] AndroidManifest.xml:24:13-58
140            android:value="@integer/google_play_services_version" />
140-->[com.google.android.gms:play-services-basement:17.0.0] AndroidManifest.xml:25:13-66
141
142        <activity android:name="com.facebook.CustomTabMainActivity" />
142-->[com.facebook.android:facebook-common:5.5.1] AndroidManifest.xml:33:9-71
142-->[com.facebook.android:facebook-common:5.5.1] AndroidManifest.xml:33:19-68
143        <!--
144         The initialization ContentProvider will call FacebookSdk.sdkInitialize automatically
145         with the application context. This config is merged in with the host app's manifest,
146         but there can only be one provider with the same authority activated at any given
147         point; so if the end user has two or more different apps that use Facebook SDK, only the
148         first one will be able to use the provider. To work around this problem, we use the
149         following placeholder in the authority to identify each host application as if it was
150         a completely different provider.
151        -->
152        <provider
152-->[com.facebook.android:facebook-core:5.5.1] AndroidManifest.xml:39:9-42:40
153            android:name="com.facebook.internal.FacebookInitProvider"
153-->[com.facebook.android:facebook-core:5.5.1] AndroidManifest.xml:40:13-70
154            android:authorities="com.flutter.firebase.example.firebaseauth.FacebookInitProvider"
154-->[com.facebook.android:facebook-core:5.5.1] AndroidManifest.xml:41:13-72
155            android:exported="false" />
155-->[com.facebook.android:facebook-core:5.5.1] AndroidManifest.xml:42:13-37
156
157        <receiver
157-->[com.facebook.android:facebook-core:5.5.1] AndroidManifest.xml:44:9-50:20
158            android:name="com.facebook.CurrentAccessTokenExpirationBroadcastReceiver"
158-->[com.facebook.android:facebook-core:5.5.1] AndroidManifest.xml:45:13-86
159            android:exported="false" >
159-->[com.facebook.android:facebook-core:5.5.1] AndroidManifest.xml:46:13-37
160            <intent-filter>
160-->[com.facebook.android:facebook-core:5.5.1] AndroidManifest.xml:47:13-49:29
161                <action android:name="com.facebook.sdk.ACTION_CURRENT_ACCESS_TOKEN_CHANGED" />
161-->[com.facebook.android:facebook-core:5.5.1] AndroidManifest.xml:48:17-95
161-->[com.facebook.android:facebook-core:5.5.1] AndroidManifest.xml:48:25-92
162            </intent-filter>
163        </receiver>
164        <receiver
164-->[com.facebook.android:facebook-core:5.5.1] AndroidManifest.xml:51:9-58:20
165            android:name="com.facebook.CampaignTrackingReceiver"
165-->[com.facebook.android:facebook-core:5.5.1] AndroidManifest.xml:52:13-65
166            android:exported="true"
166-->[com.facebook.android:facebook-core:5.5.1] AndroidManifest.xml:53:13-36
167            android:permission="android.permission.INSTALL_PACKAGES" >
167-->[com.facebook.android:facebook-core:5.5.1] AndroidManifest.xml:54:13-69
168            <intent-filter>
168-->[com.facebook.android:facebook-core:5.5.1] AndroidManifest.xml:55:13-57:29
169                <action android:name="com.android.vending.INSTALL_REFERRER" />
169-->[com.facebook.android:facebook-core:5.5.1] AndroidManifest.xml:56:17-79
169-->[com.facebook.android:facebook-core:5.5.1] AndroidManifest.xml:56:25-76
170            </intent-filter>
171        </receiver>
172    </application>
173
174</manifest>